<?xml version="1.0" encoding="UTF-8"?>
<!-- Generated by org.testng.reporters.JUnitXMLReporter -->
<testsuite ignored="0" hostname="DESKTOP-GVRTR2N" failures="0" tests="12" name="Test" time="0.316" errors="0" timestamp="2025-05-11T12:00:15 IST">
  <testcase classname="parallel.TestParall2" name="test5" time="0.014"/>
  <testcase classname="parallel.TestParall" name="test1" time="0.01"/>
  <testcase classname="parallel.TestParall" name="test2" time="0.041"/>
  <testcase classname="parallel.TestParall" name="test3" time="0.006"/>
  <testcase classname="parallel.TestParall2" name="test6" time="0.004"/>
  <testcase classname="parallel.TestParall2" name="test7" time="0.027"/>
  <testcase classname="parallel.TestParall" name="test4" time="0.023"/>
  <testcase classname="parallel.TestParall2" name="test8" time="0.016"/>
  <testcase classname="parallel.TestParall3" name="test10" time="0.02"/>
  <testcase classname="parallel.TestParall3" name="test11" time="0.005"/>
  <testcase classname="parallel.TestParall3" name="test12" time="0.003"/>
  <testcase classname="parallel.TestParall3" name="test9" time="0.005"/>
</testsuite> <!-- Test -->
