<?xml version="1.0" encoding="UTF-8"?>
<!-- Generated by org.testng.reporters.JUnitReportReporter -->
<testsuite hostname="DESKTOP-GVRTR2N" failures="0" tests="4" name="testng.Disapletest2" time="0.041" errors="0" timestamp="2025-03-08T19:33:58 IST" skipped="0">
  <testcase classname="testng.Disapletest2" name="s" time="0.025"/>
  <testcase classname="testng.Disapletest2" name="y" time="0.005"/>
  <testcase classname="testng.Disapletest2" name="x" time="0.006"/>
  <testcase classname="testng.Disapletest2" name="z" time="0.005"/>
</testsuite> <!-- testng.Disapletest2 -->
