<?xml version="1.0" encoding="UTF-8"?>
<!-- Generated by org.testng.reporters.JUnitReportReporter -->
<testsuite hostname="DESKTOP-GVRTR2N" failures="0" tests="4" name="testng.Disapletest" time="0.033" errors="0" timestamp="2025-04-15T19:02:21 IST" skipped="0">
  <testcase classname="testng.Disapletest" name="f" time="0.016"/>
  <testcase classname="testng.Disapletest" name="b" time="0.006"/>
  <testcase classname="testng.Disapletest" name="a" time="0.007"/>
  <testcase classname="testng.Disapletest" name="c" time="0.004"/>
</testsuite> <!-- testng.Disapletest -->
