<?xml version="1.0" encoding="UTF-8"?>
<!-- Generated by org.testng.reporters.JUnitReportReporter -->
<testsuite hostname="DESKTOP-GVRTR2N" failures="0" tests="4" name="parallel.TestParall3" time="0.033" errors="0" timestamp="2025-05-11T12:00:15 IST" skipped="0">
  <testcase classname="parallel.TestParall3" name="test9" time="0.005"/>
  <testcase classname="parallel.TestParall3" name="test12" time="0.003"/>
  <testcase classname="parallel.TestParall3" name="test10" time="0.020"/>
  <testcase classname="parallel.TestParall3" name="test11" time="0.005"/>
</testsuite> <!-- parallel.TestParall3 -->
