<?xml version="1.0" encoding="UTF-8"?>
<!-- Generated by org.testng.reporters.JUnitReportReporter -->
<testsuite hostname="DESKTOP-GVRTR2N" failures="1" tests="3" name="testng.Test1" time="43.807" errors="0" timestamp="2025-02-28T21:55:40 IST" skipped="0">
  <testcase classname="testng.Test1" name="test" time="18.739">
    <failure message="this is failed expected [https://www.google.com/search?q=hYR+Tutorials&amp;sca_esv=039276c3d09015b6&amp;source=hp&amp;ei=TuPBZ5vQKNbe2roPhbSawQk&amp;iflsig=ACkRmUkAAAAAZ8HxXu9iLp0JqIaV2x5rOlG5mWamYOIZ&amp;ved=0ahUKEwibr7z14-aLAxVWr1YBHQWaJpgQ4dUDCBA&amp;uact=5&amp;oq=hYR+Tutorials&amp;gs_lp=Egdnd3Mtd2l6Ig1oWVIgVHV0b3JpYWxzSGBQAFg_cAB4AJABAJgBAKABAKoBALgBA8gBAPgBAZgCAKACAJgDAJIHAKAHAA&amp;sclient=gws-wiz&amp;sei=WuPBZ5r5Cajc2roP7LjKoAE] but found [HYRRRR]" type="java.lang.AssertionError">
      <![CDATA[java.lang.AssertionError: this is failed expected [https://www.google.com/search?q=hYR+Tutorials&sca_esv=039276c3d09015b6&source=hp&ei=TuPBZ5vQKNbe2roPhbSawQk&iflsig=ACkRmUkAAAAAZ8HxXu9iLp0JqIaV2x5rOlG5mWamYOIZ&ved=0ahUKEwibr7z14-aLAxVWr1YBHQWaJpgQ4dUDCBA&uact=5&oq=hYR+Tutorials&gs_lp=Egdnd3Mtd2l6Ig1oWVIgVHV0b3JpYWxzSGBQAFg_cAB4AJABAJgBAKABAKoBALgBA8gBAPgBAZgCAKACAJgDAJIHAKAHAA&sclient=gws-wiz&sei=WuPBZ5r5Cajc2roP7LjKoAE] but found [HYRRRR]
at org.testng.Assert.fail(Assert.java:111)
at org.testng.Assert.failNotEquals(Assert.java:1590)
at org.testng.Assert.assertEqualsImpl(Assert.java:150)
at org.testng.Assert.assertEquals(Assert.java:132)
at org.testng.Assert.assertEquals(Assert.java:656)
at testng.Test1.test(Test1.java:57)
at java.base/jdk.internal.reflect.NativeMethodAccessorImpl.invoke0(Native Method)
at java.base/jdk.internal.reflect.NativeMethodAccessorImpl.invoke(NativeMethodAccessorImpl.java:77)
at java.base/jdk.internal.reflect.DelegatingMethodAccessorImpl.invoke(DelegatingMethodAccessorImpl.java:43)
at java.base/java.lang.reflect.Method.invoke(Method.java:568)
at org.testng.internal.invokers.MethodInvocationHelper.invokeMethod(MethodInvocationHelper.java:141)
at org.testng.internal.invokers.TestInvoker.invokeMethod(TestInvoker.java:687)
at org.testng.internal.invokers.TestInvoker.invokeTestMethod(TestInvoker.java:230)
at org.testng.internal.invokers.MethodRunner.runInSequence(MethodRunner.java:63)
at org.testng.internal.invokers.TestInvoker$MethodInvocationAgent.invoke(TestInvoker.java:995)
at org.testng.internal.invokers.TestInvoker.invokeTestMethods(TestInvoker.java:203)
at org.testng.internal.invokers.TestMethodWorker.invokeTestMethods(TestMethodWorker.java:154)
at org.testng.internal.invokers.TestMethodWorker.run(TestMethodWorker.java:134)
at java.base/java.util.ArrayList.forEach(ArrayList.java:1511)
at org.testng.TestRunner.privateRun(TestRunner.java:741)
at org.testng.TestRunner.run(TestRunner.java:616)
at org.testng.SuiteRunner.runTest(SuiteRunner.java:421)
at org.testng.SuiteRunner.runSequentially(SuiteRunner.java:413)
at org.testng.SuiteRunner.privateRun(SuiteRunner.java:373)
at org.testng.SuiteRunner.run(SuiteRunner.java:312)
at org.testng.SuiteRunnerWorker.runSuite(SuiteRunnerWorker.java:52)
at org.testng.SuiteRunnerWorker.run(SuiteRunnerWorker.java:95)
at org.testng.TestNG.runSuitesSequentially(TestNG.java:1274)
at org.testng.TestNG.runSuitesLocally(TestNG.java:1208)
at org.testng.TestNG.runSuites(TestNG.java:1112)
at org.testng.TestNG.run(TestNG.java:1079)
at org.testng.remote.AbstractRemoteTestNG.run(AbstractRemoteTestNG.java:115)
at org.testng.remote.RemoteTestNG.initAndRun(RemoteTestNG.java:293)
at org.testng.remote.RemoteTestNG.main(RemoteTestNG.java:91)
]]>
    </failure>
  </testcase> <!-- test -->
  <testcase classname="testng.Test1" name="test1" time="11.954"/>
  <testcase classname="testng.Test1" name="test3" time="13.114"/>
</testsuite> <!-- testng.Test1 -->
