<?xml version="1.0" encoding="UTF-8"?>
<!-- Generated by org.testng.reporters.JUnitReportReporter -->
<testsuite hostname="DESKTOP-GVRTR2N" failures="0" tests="4" name="parallel.TestParall" time="0.080" errors="0" timestamp="2025-05-11T12:00:15 IST" skipped="0">
  <testcase classname="parallel.TestParall" name="test2" time="0.041"/>
  <testcase classname="parallel.TestParall" name="test4" time="0.023"/>
  <testcase classname="parallel.TestParall" name="test3" time="0.006"/>
  <testcase classname="parallel.TestParall" name="test1" time="0.010"/>
</testsuite> <!-- parallel.TestParall -->
