<?xml version="1.0" encoding="UTF-8"?>
<!-- Generated by org.testng.reporters.JUnitReportReporter -->
<testsuite hostname="DESKTOP-GVRTR2N" failures="0" tests="4" name="parallel.TestParall2" time="0.061" errors="0" timestamp="2025-05-11T12:00:15 IST" skipped="0">
  <testcase classname="parallel.TestParall2" name="test5" time="0.014"/>
  <testcase classname="parallel.TestParall2" name="test8" time="0.016"/>
  <testcase classname="parallel.TestParall2" name="test6" time="0.004"/>
  <testcase classname="parallel.TestParall2" name="test7" time="0.027"/>
</testsuite> <!-- parallel.TestParall2 -->
