<?xml version="1.0" encoding="UTF-8"?>
<!-- Generated by org.testng.reporters.JUnitReportReporter -->
<testsuite hostname="DESKTOP-GVRTR2N" failures="0" tests="4" name="testng.NewTestAnnotations" time="0.053" errors="0" timestamp="2025-03-08T18:31:00 IST" skipped="0">
  <testcase classname="testng.NewTestAnnotations" name="s" time="0.031"/>
  <testcase classname="testng.NewTestAnnotations" name="f" time="0.005"/>
  <testcase classname="testng.NewTestAnnotations" name="a" time="0.008"/>
  <testcase classname="testng.NewTestAnnotations" name="b" time="0.009"/>
</testsuite> <!-- testng.NewTestAnnotations -->
